<?xml version="1.0" encoding="UTF-8"?>
<!-- Generated by org.testng.reporters.JUnitReportReporter -->
<testsuite hostname="LAPTOP-IQ8CH363" failures="0" tests="1" name="com.actitime.test1.Mewatch" time="263.772" errors="0" timestamp="2023-04-01T01:02:12 IST" skipped="0">
  <testcase classname="com.actitime.test1.Mewatch" name="SearchValidation" time="263.772"/>
  <system-out/>
</testsuite> <!-- com.actitime.test1.Mewatch -->
