<?xml version="1.0" encoding="UTF-8"?>
<!-- Generated by org.testng.reporters.JUnitReportReporter -->
<testsuite hostname="LAPTOP-IQ8CH363" failures="0" tests="1" name="com.actitime.test1.Mewatch" time="39.217" errors="0" timestamp="2023-06-01T23:15:55 IST" skipped="0">
  <testcase classname="com.actitime.test1.Mewatch" name="ValidateLiveTv" time="39.217"/>
  <system-out/>
</testsuite> <!-- com.actitime.test1.Mewatch -->
