<?xml version="1.0" encoding="UTF-8"?>
<!-- Generated by org.testng.reporters.JUnitReportReporter -->
<testsuite hostname="LAPTOP-IQ8CH363" failures="0" tests="1" name="com.actitime.test1.Mewatch" time="92.025" errors="0" timestamp="2023-11-27T22:29:03 IST" skipped="0">
  <testcase classname="com.actitime.test1.Mewatch" name="ValidateNotFoundEpisode" time="92.025"/>
  <system-out/>
</testsuite> <!-- com.actitime.test1.Mewatch -->
