<?xml version="1.0" encoding="UTF-8"?>
<!-- Generated by org.testng.reporters.JUnitReportReporter -->
<testsuite hostname="LAPTOP-IQ8CH363" failures="0" tests="1" name="com.actitime.test1.Mewatch" time="86.699" errors="0" timestamp="2023-12-06T00:15:25 IST" skipped="0">
  <testcase classname="com.actitime.test1.Mewatch" name="ValidateAllFeatured" time="86.699"/>
  <system-out/>
</testsuite> <!-- com.actitime.test1.Mewatch -->
