<?xml version="1.0" encoding="UTF-8"?>
<!-- Generated by org.testng.reporters.JUnitReportReporter -->
<testsuite hostname="LAPTOP-IQ8CH363" failures="0" tests="1" name="com.actitime.test1.Mewatch" time="39.436" errors="0" timestamp="2023-03-19T23:18:41 IST" skipped="0">
  <testcase classname="com.actitime.test1.Mewatch" name="CompleteRegistration" time="39.436"/>
  <system-out/>
</testsuite> <!-- com.actitime.test1.Mewatch -->
