<?xml version="1.0" encoding="UTF-8"?>
<!-- Generated by org.testng.reporters.JUnitReportReporter -->
<testsuite hostname="LAPTOP-IQ8CH363" failures="0" tests="1" name="com.actitime.test1.Practise" time="23.836" errors="0" timestamp="2023-03-11T15:18:07 IST" skipped="0">
  <testcase classname="com.actitime.test1.Practise" name="loginValidation" time="23.836"/>
  <system-out/>
</testsuite> <!-- com.actitime.test1.Practise -->
