<?xml version="1.0" encoding="UTF-8"?>
<!-- Generated by org.testng.reporters.JUnitReportReporter -->
<testsuite hostname="LAPTOP-IQ8CH363" failures="0" tests="1" name="com.actitime.test1.OrangeHRM" time="33.217" errors="0" timestamp="2023-07-31T14:04:07 IST" skipped="0">
  <testcase classname="com.actitime.test1.OrangeHRM" name="UserNameValidationValidation" time="33.217"/>
  <system-out/>
</testsuite> <!-- com.actitime.test1.OrangeHRM -->
