<?xml version="1.0" encoding="UTF-8"?>
<!-- Generated by org.testng.reporters.JUnitReportReporter -->
<testsuite hostname="LAPTOP-IQ8CH363" failures="0" tests="1" name="com.actitime.test1.LoginTest" time="642.379" errors="0" timestamp="2023-06-02T19:43:02 IST" skipped="0">
  <testcase classname="com.actitime.test1.LoginTest" name="loginValidation" time="642.379"/>
  <system-out/>
</testsuite> <!-- com.actitime.test1.LoginTest -->
