<?xml version="1.0" encoding="UTF-8"?>
<!-- Generated by org.testng.reporters.JUnitReportReporter -->
<testsuite hostname="LAPTOP-IQ8CH363" failures="0" tests="1" name="com.actitime.test1.LoginTest" time="115.361" errors="0" timestamp="2024-05-06T17:41:34 IST" skipped="0">
  <testcase classname="com.actitime.test1.LoginTest" name="SearchValidation" time="115.361"/>
  <system-out/>
</testsuite> <!-- com.actitime.test1.LoginTest -->
